{"name": "test_create_product", "status": "failed", "statusDetails": {"message": "AssertionError: assert []", "trace": "products_table = <dbs.sqlite_products_table.SqliteProductsTable object at 0x1015670b0>\n\n    def test_create_product(products_table):\n        # Positive test: Ensure product is created successfully\n        # products_table.create_product()\n        products = products_table.get_all_products()\n        assert_that(len(products) > 0, \"No products found in the database\")\n>       assert products\nE       assert []\n\ntest_get_products.py:28: AssertionError"}, "start": 1712607735807, "stop": 1712607735810, "uuid": "5f350332-441b-4246-9b13-9fb0d11c70e4", "historyId": "14f2c891e46e3211694f24a382afc30b", "testCaseId": "14f2c891e46e3211694f24a382afc30b", "fullName": "test.db_tests.test_get_products#test_create_product", "labels": [{"name": "parentSuite", "value": "test.db_tests"}, {"name": "suite", "value": "test_get_products"}, {"name": "host", "value": "dariias-mbp.home"}, {"name": "thread", "value": "12464-MainThread"}, {"name": "framework", "value": "pytest"}, {"name": "language", "value": "cpython3"}, {"name": "package", "value": "test.db_tests.test_get_products"}]}