{"name": "test_delete_product_by_id", "status": "failed", "statusDetails": {"message": "AssertionError: assert [] == 'Product not found'", "trace": "products_table = <dbs.sqlite_products_table.SqliteProductsTable object at 0x1056970b0>\n\n    def test_delete_product_by_id(products_table):\n        # Negative test: Attempt to delete a non-existent product\n        non_existent_product_id = 7447\n        result = products_table.delete_product_by_id(non_existent_product_id)\n>       assert result == 'Product not found'\nE       AssertionError: assert [] == 'Product not found'\n\ntest_get_products.py:49: AssertionError"}, "start": 1712608745471, "stop": 1712608745475, "uuid": "904944b4-20b7-451a-b3e5-bb41c7361e0b", "historyId": "e4f987ebfe16752e1797621d9ab9b2d8", "testCaseId": "e4f987ebfe16752e1797621d9ab9b2d8", "fullName": "test.db_tests.test_get_products#test_delete_product_by_id", "labels": [{"name": "parentSuite", "value": "test.db_tests"}, {"name": "suite", "value": "test_get_products"}, {"name": "host", "value": "dariias-mbp.home"}, {"name": "thread", "value": "13357-MainThread"}, {"name": "framework", "value": "pytest"}, {"name": "language", "value": "cpython3"}, {"name": "package", "value": "test.db_tests.test_get_products"}]}