{"name": "test_create_product", "status": "failed", "statusDetails": {"message": "AssertionError: assert [] == 'Product created successfully'", "trace": "products_table = <dbs.sqlite_products_table.SqliteProductsTable object at 0x105f5b0b0>\n\n    def test_create_product(products_table):\n        # Positive test: Ensure product is created successfully\n        result = products_table.create_product()\n>       assert result == 'Product created successfully'\nE       AssertionError: assert [] == 'Product created successfully'\n\ntest_get_products.py:25: AssertionError"}, "start": 1712601747999, "stop": 1712601748001, "uuid": "37bcff8e-1d4b-4d7a-a44f-0f3fb575e3d9", "historyId": "14f2c891e46e3211694f24a382afc30b", "testCaseId": "14f2c891e46e3211694f24a382afc30b", "fullName": "test.db_tests.test_get_products#test_create_product", "labels": [{"name": "parentSuite", "value": "test.db_tests"}, {"name": "suite", "value": "test_get_products"}, {"name": "host", "value": "dariias-mbp.home"}, {"name": "thread", "value": "11577-MainThread"}, {"name": "framework", "value": "pytest"}, {"name": "language", "value": "cpython3"}, {"name": "package", "value": "test.db_tests.test_get_products"}]}