{"name": "test_delete_product_by_id", "status": "failed", "statusDetails": {"message": "AssertionError: assert [] == 'Product not found'", "trace": "products_table = <dbs.sqlite_products_table.SqliteProductsTable object at 0x107300860>\n\n    def test_delete_product_by_id(products_table):\n        # Negative test: Attempt to delete a non-existent product\n        non_existent_product_id = 3880\n        result = products_table.delete_product_by_id(non_existent_product_id)\n>       assert result == 'Product not found'\nE       AssertionError: assert [] == 'Product not found'\n\ntest_get_products.py:42: AssertionError"}, "start": 1712607653719, "stop": 1712607653726, "uuid": "548969f7-5477-4cfc-acb9-fc46bee2f0bb", "historyId": "e4f987ebfe16752e1797621d9ab9b2d8", "testCaseId": "e4f987ebfe16752e1797621d9ab9b2d8", "fullName": "test.db_tests.test_get_products#test_delete_product_by_id", "labels": [{"name": "parentSuite", "value": "test.db_tests"}, {"name": "suite", "value": "test_get_products"}, {"name": "host", "value": "dariias-mbp.home"}, {"name": "thread", "value": "12355-MainThread"}, {"name": "framework", "value": "pytest"}, {"name": "language", "value": "cpython3"}, {"name": "package", "value": "test.db_tests.test_get_products"}]}