{"name": "test_delete_product_by_id", "status": "failed", "statusDetails": {"message": "AssertionError: assert [] == 'Product not found'", "trace": "products_table = <dbs.sqlite_products_table.SqliteProductsTable object at 0x104b170b0>\n\n    def test_delete_product_by_id(products_table):\n        # Negative test: Attempt to delete a non-existent product\n        non_existent_product_id = 581\n        result = products_table.delete_product_by_id(non_existent_product_id)\n>       assert result == 'Product not found'\nE       AssertionError: assert [] == 'Product not found'\n\ntest_get_products.py:40: AssertionError"}, "start": 1712602399606, "stop": 1712602399610, "uuid": "8d4fd8fa-cb75-4a02-87a3-adb9ee6b831c", "historyId": "e4f987ebfe16752e1797621d9ab9b2d8", "testCaseId": "e4f987ebfe16752e1797621d9ab9b2d8", "fullName": "test.db_tests.test_get_products#test_delete_product_by_id", "labels": [{"name": "parentSuite", "value": "test.db_tests"}, {"name": "suite", "value": "test_get_products"}, {"name": "host", "value": "dariias-mbp.home"}, {"name": "thread", "value": "11834-MainThread"}, {"name": "framework", "value": "pytest"}, {"name": "language", "value": "cpython3"}, {"name": "package", "value": "test.db_tests.test_get_products"}]}