{"name": "test_delete_event", "status": "failed", "statusDetails": {"message": "AssertionError: assert 200 == 204\n +  where 200 = <Response [200]>.status_code", "trace": "def test_delete_event():\n        response = test.api_tests.conftest.events_api.delete_event()\n>       assert response.status_code == 204\nE       assert 200 == 204\nE        +  where 200 = <Response [200]>.status_code\n\ntest_events_positive.py:23: AssertionError"}, "start": 1715029132510, "stop": 1715029133025, "uuid": "7bdf3500-392e-43f6-8da9-0ac49ff1d53f", "historyId": "efc2b3ca22c23a526c3d71d7be9d9522", "testCaseId": "efc2b3ca22c23a526c3d71d7be9d9522", "fullName": "test.api_tests.test_events_positive#test_delete_event", "labels": [{"name": "parentSuite", "value": "test.api_tests"}, {"name": "suite", "value": "test_events_positive"}, {"name": "host", "value": "dariias-mbp.home"}, {"name": "thread", "value": "49744-MainThread"}, {"name": "framework", "value": "pytest"}, {"name": "language", "value": "cpython3"}, {"name": "package", "value": "test.api_tests.test_events_positive"}]}