{"name": "test_create_event_start_after_end", "status": "failed", "statusDetails": {"message": "AssertionError: assert 'Reporting End is before the Event Date' in 'Reporting End is before the Reporting Start'", "trace": "get_event_body_start_after_end = [{'customer_event_category_id': 331, 'name': 'Event80', 'reporting_end_time': '2023-09-23T09:56:40.499Z', 'reporting_start_time': '2023-09-23T09:56:40.499Z', ...}]\n\n    def test_create_event_start_after_end(get_event_body_start_after_end):\n    \n        response = test.api_tests.conftest.events_api.create_events(body=get_event_body_start_after_end)\n    \n        assert response.status_code == 422\n>       assert 'Reporting End is before the Event Date' in response.json()['detail'][0]['msg']\nE       AssertionError: assert 'Reporting End is before the Event Date' in 'Reporting End is before the Reporting Start'\n\ntest_events_negative.py:23: AssertionError"}, "start": 1715030249591, "stop": 1715030250093, "uuid": "a578104f-4e54-4e51-90f0-b5305cb8e017", "historyId": "6d2f25193b96783c9adb3898a6e9e0b8", "testCaseId": "6d2f25193b96783c9adb3898a6e9e0b8", "fullName": "test.api_tests.test_events_negative#test_create_event_start_after_end", "labels": [{"name": "parentSuite", "value": "test.api_tests"}, {"name": "suite", "value": "test_events_negative"}, {"name": "host", "value": "dariias-mbp.home"}, {"name": "thread", "value": "50396-MainThread"}, {"name": "framework", "value": "pytest"}, {"name": "language", "value": "cpython3"}, {"name": "package", "value": "test.api_tests.test_events_negative"}]}